#
# A fatal error has been detected by the Java Runtime Environment:
#
#  EXCEPTION_ACCESS_VIOLATION (0xc0000005) at pc=0x00000000036d8835, pid=11016, tid=0x0000000000004304
#
# JRE version: Java(TM) SE Runtime Environment (8.0_202-b08) (build 1.8.0_202-b08)
# Java VM: Java HotSpot(TM) 64-Bit Server VM (25.202-b08 mixed mode windows-amd64 compressed oops)
# Problematic frame:
# J 145 C2 Board.openCloseEvaluation(B)I (1825 bytes) @ 0x00000000036d8835 [0x00000000036d7d60+0xad5]
#
# Failed to write core dump. Minidumps are not enabled by default on client versions of Windows
#
# If you would like to submit a bug report, please visit:
#   http://bugreport.java.com/bugreport/crash.jsp
#

---------------  T H R E A D  ---------------

Current thread (0x000000000341e800):  JavaThread "main" [_thread_in_Java, id=17156, stack(0x0000000003240000,0x0000000003340000)]

siginfo: ExceptionCode=0xc0000005, reading address 0x00000000c2da758c

Registers:
RAX=0x00000007185b4dd0, RBX=0x0000000000000008, RCX=0x0000000000000008, RDX=0x00000007185b4dc0
RSP=0x000000000333ee20, RBP=0x0000000000000000, RSI=0x00000000185b4eb0, RDI=0x00000000ffffffff
R8 =0x00000000185b4dc0, R9 =0x0000000000000000, R10=0x000000000000000c, R11=0x00000000185b4eb0
R12=0x0000000000000000, R13=0x00000007185b4dd0, R14=0x0000000000000008, R15=0x000000000341e800
RIP=0x00000000036d8835, EFLAGS=0x0000000000010202

Top of Stack: (sp=0x000000000333ee20)
0x000000000333ee20:   000000000341e800 0000000000000002
0x000000000333ee30:   000000000000000c 00000000c0060218
0x000000000333ee40:   0000000718504dc8 00000007185b4dc0
0x000000000333ee50:   000000000341e800 0000000000000008
0x000000000333ee60:   000000000341e800 000000000000000c
0x000000000333ee70:   0000000000000002 00000000036b5b7c
0x000000000333ee80:   8000000000000000 ffffffddffffffff
0x000000000333ee90:   000000000000000b 0000000000000000
0x000000000333eea0:   00000000fffffffb ffffffe2ffffffec
0x000000000333eeb0:   00000000ffffffe7 00000007185b4820
0x000000000333eec0:   0000000a00000001 fffffffb68cffb3c
0x000000000333eed0:   00000007185b49f0 0000000100000001
0x000000000333eee0:   00000007185b4dc0 00000002185b3ec0
0x000000000333eef0:   0000000200000001 000000006910e66d
0x000000000333ef00:   0000000100000002 000000020000000d
0x000000000333ef10:   00000007185b49f0 00000002e308616e 

Instructions: (pc=0x00000000036d8835)
0x00000000036d8815:   77 ac ff 41 83 fe 0c 0f 8d 96 00 00 00 45 85 f6
0x00000000036d8825:   7c e4 41 8b ce 45 33 c9 85 c9 0f 8c 5a fd ff ff
0x00000000036d8835:   47 8b 54 dc 0c 41 83 f8 01 0f 84 d8 fc ff ff eb
0x00000000036d8845:   16 66 66 0f 1f 84 00 00 00 00 00 c4 c1 79 7e c0 


Register to memory mapping:

RAX=0x00000007185b4dd0 is an oop
[[B 
 - klass: {type array byte}[]
 - length: 12
RBX=0x0000000000000008 is an unknown value
RCX=0x0000000000000008 is an unknown value
RDX=0x00000007185b4dc0 is an oop
Board 
 - klass: 'Board'
RSP=0x000000000333ee20 is pointing into the stack for thread: 0x000000000341e800
RBP=0x0000000000000000 is an unknown value
RSI=0x00000000185b4eb0 is an unknown value
RDI=0x00000000ffffffff is an unknown value
R8 =0x00000000185b4dc0 is an unknown value
R9 =0x0000000000000000 is an unknown value
R10=0x000000000000000c is an unknown value
R11=0x00000000185b4eb0 is an unknown value
R12=0x0000000000000000 is an unknown value
R13=0x00000007185b4dd0 is an oop
[[B 
 - klass: {type array byte}[]
 - length: 12
R14=0x0000000000000008 is an unknown value
R15=0x000000000341e800 is a thread


Stack: [0x0000000003240000,0x0000000003340000],  sp=0x000000000333ee20,  free space=1019k
Native frames: (J=compiled Java code, j=interpreted, Vv=VM code, C=native code)


---------------  P R O C E S S  ---------------

Java Threads: ( => current thread )
  0x0000000028344000 JavaThread "Service Thread" daemon [_thread_blocked, id=22360, stack(0x0000000028e80000,0x0000000028f80000)]
  0x00000000282b7800 JavaThread "C1 CompilerThread3" daemon [_thread_blocked, id=11500, stack(0x0000000028d80000,0x0000000028e80000)]
  0x00000000282b3800 JavaThread "C2 CompilerThread2" daemon [_thread_blocked, id=10696, stack(0x0000000028c80000,0x0000000028d80000)]
  0x00000000282b2800 JavaThread "C2 CompilerThread1" daemon [_thread_blocked, id=20064, stack(0x0000000028b80000,0x0000000028c80000)]
  0x00000000282aa800 JavaThread "C2 CompilerThread0" daemon [_thread_blocked, id=6308, stack(0x0000000028a80000,0x0000000028b80000)]
  0x00000000282a9000 JavaThread "Attach Listener" daemon [_thread_blocked, id=20956, stack(0x0000000028980000,0x0000000028a80000)]
  0x00000000282a8000 JavaThread "Signal Dispatcher" daemon [_thread_blocked, id=22652, stack(0x0000000028880000,0x0000000028980000)]
  0x00000000282a0800 JavaThread "Finalizer" daemon [_thread_blocked, id=10180, stack(0x0000000028680000,0x0000000028780000)]
  0x000000002639d800 JavaThread "Reference Handler" daemon [_thread_blocked, id=10564, stack(0x0000000028180000,0x0000000028280000)]
=>0x000000000341e800 JavaThread "main" [_thread_in_Java, id=17156, stack(0x0000000003240000,0x0000000003340000)]

Other Threads:
  0x0000000026399000 VMThread [stack: 0x0000000028080000,0x0000000028180000] [id=26720]
  0x000000002835e000 WatcherThread [stack: 0x0000000028f80000,0x0000000029080000] [id=12836]

VM state:not at safepoint (normal execution)

VM Mutex/Monitor currently owned by a thread: None

heap address: 0x00000005c3600000, size: 8138 MB, Compressed Oops mode: Zero based, Oop shift amount: 3
Narrow klass base: 0x0000000000000000, Narrow klass shift: 3
Compressed class space size: 1073741824 Address: 0x00000007c0000000

Heap:
 PSYoungGen      total 42496K, used 31132K [0x0000000716780000, 0x000000071f880000, 0x00000007c0000000)
  eden space 41984K, 73% used [0x0000000716780000,0x00000007185d7038,0x0000000719080000)
  from space 512K, 12% used [0x000000071f800000,0x000000071f810000,0x000000071f880000)
  to   space 512K, 0% used [0x000000071f780000,0x000000071f780000,0x000000071f800000)
 ParOldGen       total 348160K, used 1360K [0x00000005c3600000, 0x00000005d8a00000, 0x0000000716780000)
  object space 348160K, 0% used [0x00000005c3600000,0x00000005c37540a0,0x00000005d8a00000)
 Metaspace       used 2651K, capacity 4566K, committed 4864K, reserved 1056768K
  class space    used 289K, capacity 390K, committed 512K, reserved 1048576K

Card table byte_map: [0x00000000128e0000,0x00000000138d0000] byte_map_base: 0x000000000fac5000

Marking Bits: (ParMarkBitMap*) 0x0000000069415ce0
 Begin Bits: [0x0000000014b70000, 0x000000001ca98000)
 End Bits:   [0x000000001ca98000, 0x00000000249c0000)

Polling page: 0x00000000031a0000

CodeCache: size=245760Kb used=1868Kb max_used=1873Kb free=243891Kb
 bounds [0x0000000003520000, 0x0000000003790000, 0x0000000012520000]
 total_blobs=411 nmethods=169 adapters=155
 compilation: enabled

Compilation events (10 events):
Event: 5.915 Thread 0x00000000282b7800  165   !   3       java.io.PrintStream::write (69 bytes)
Event: 5.915 Thread 0x00000000282b7800 nmethod 165 0x00000000036e96d0 code [0x00000000036e98a0, 0x00000000036e9ff8]
Event: 5.915 Thread 0x00000000282b7800  166  s    3       java.io.BufferedOutputStream::write (67 bytes)
Event: 5.915 Thread 0x00000000282b7800 nmethod 166 0x00000000036e89d0 code [0x00000000036e8ba0, 0x00000000036e93f8]
Event: 5.917 Thread 0x00000000282b7800  167       3       sun.nio.cs.StreamEncoder::writeBytes (132 bytes)
Event: 5.917 Thread 0x00000000282b7800 nmethod 167 0x00000000036e7710 code [0x00000000036e7920, 0x00000000036e8518]
Event: 5.922 Thread 0x00000000282b7800  168   !   3       java.io.BufferedReader::readLine (304 bytes)
Event: 5.923 Thread 0x00000000282b7800 nmethod 168 0x00000000036e4f50 code [0x00000000036e51e0, 0x00000000036e6928]
Event: 32.293 Thread 0x00000000282b7800  169       3       java.lang.String::<init> (82 bytes)
Event: 32.293 Thread 0x00000000282b7800 nmethod 169 0x00000000036e4610 code [0x00000000036e47e0, 0x00000000036e4cd8]

GC Heap History (10 events):
Event: 47.625 GC heap before
{Heap before GC invocations=166 (full 0):
 PSYoungGen      total 42496K, used 42080K [0x0000000716780000, 0x000000071f880000, 0x00000007c0000000)
  eden space 41984K, 100% used [0x0000000716780000,0x0000000719080000,0x0000000719080000)
  from space 512K, 18% used [0x000000071f780000,0x000000071f798000,0x000000071f800000)
  to   space 512K, 0% used [0x000000071f800000,0x000000071f800000,0x000000071f880000)
 ParOldGen       total 348160K, used 1352K [0x00000005c3600000, 0x00000005d8a00000, 0x0000000716780000)
  object space 348160K, 0% used [0x00000005c3600000,0x00000005c37520a0,0x00000005d8a00000)
 Metaspace       used 2651K, capacity 4566K, committed 4864K, reserved 1056768K
  class space    used 289K, capacity 390K, committed 512K, reserved 1048576K
Event: 47.626 GC heap after
Heap after GC invocations=166 (full 0):
 PSYoungGen      total 42496K, used 64K [0x0000000716780000, 0x000000071f880000, 0x00000007c0000000)
  eden space 41984K, 0% used [0x0000000716780000,0x0000000716780000,0x0000000719080000)
  from space 512K, 12% used [0x000000071f800000,0x000000071f810000,0x000000071f880000)
  to   space 512K, 0% used [0x000000071f780000,0x000000071f780000,0x000000071f800000)
 ParOldGen       total 348160K, used 1352K [0x00000005c3600000, 0x00000005d8a00000, 0x0000000716780000)
  object space 348160K, 0% used [0x00000005c3600000,0x00000005c37520a0,0x00000005d8a00000)
 Metaspace       used 2651K, capacity 4566K, committed 4864K, reserved 1056768K
  class space    used 289K, capacity 390K, committed 512K, reserved 1048576K
}
Event: 47.858 GC heap before
{Heap before GC invocations=167 (full 0):
 PSYoungGen      total 42496K, used 42048K [0x0000000716780000, 0x000000071f880000, 0x00000007c0000000)
  eden space 41984K, 100% used [0x0000000716780000,0x0000000719080000,0x0000000719080000)
  from space 512K, 12% used [0x000000071f800000,0x000000071f810000,0x000000071f880000)
  to   space 512K, 0% used [0x000000071f780000,0x000000071f780000,0x000000071f800000)
 ParOldGen       total 348160K, used 1352K [0x00000005c3600000, 0x00000005d8a00000, 0x0000000716780000)
  object space 348160K, 0% used [0x00000005c3600000,0x00000005c37520a0,0x00000005d8a00000)
 Metaspace       used 2651K, capacity 4566K, committed 4864K, reserved 1056768K
  class space    used 289K, capacity 390K, committed 512K, reserved 1048576K
Event: 47.859 GC heap after
Heap after GC invocations=167 (full 0):
 PSYoungGen      total 42496K, used 64K [0x0000000716780000, 0x000000071f880000, 0x00000007c0000000)
  eden space 41984K, 0% used [0x0000000716780000,0x0000000716780000,0x0000000719080000)
  from space 512K, 12% used [0x000000071f780000,0x000000071f790000,0x000000071f800000)
  to   space 512K, 0% used [0x000000071f800000,0x000000071f800000,0x000000071f880000)
 ParOldGen       total 348160K, used 1352K [0x00000005c3600000, 0x00000005d8a00000, 0x0000000716780000)
  object space 348160K, 0% used [0x00000005c3600000,0x00000005c37520a0,0x00000005d8a00000)
 Metaspace       used 2651K, capacity 4566K, committed 4864K, reserved 1056768K
  class space    used 289K, capacity 390K, committed 512K, reserved 1048576K
}
Event: 48.089 GC heap before
{Heap before GC invocations=168 (full 0):
 PSYoungGen      total 42496K, used 42048K [0x0000000716780000, 0x000000071f880000, 0x00000007c0000000)
  eden space 41984K, 100% used [0x0000000716780000,0x0000000719080000,0x0000000719080000)
  from space 512K, 12% used [0x000000071f780000,0x000000071f790000,0x000000071f800000)
  to   space 512K, 0% used [0x000000071f800000,0x000000071f800000,0x000000071f880000)
 ParOldGen       total 348160K, used 1352K [0x00000005c3600000, 0x00000005d8a00000, 0x0000000716780000)
  object space 348160K, 0% used [0x00000005c3600000,0x00000005c37520a0,0x00000005d8a00000)
 Metaspace       used 2651K, capacity 4566K, committed 4864K, reserved 1056768K
  class space    used 289K, capacity 390K, committed 512K, reserved 1048576K
Event: 48.090 GC heap after
Heap after GC invocations=168 (full 0):
 PSYoungGen      total 42496K, used 64K [0x0000000716780000, 0x000000071f880000, 0x00000007c0000000)
  eden space 41984K, 0% used [0x0000000716780000,0x0000000716780000,0x0000000719080000)
  from space 512K, 12% used [0x000000071f800000,0x000000071f810000,0x000000071f880000)
  to   space 512K, 0% used [0x000000071f780000,0x000000071f780000,0x000000071f800000)
 ParOldGen       total 348160K, used 1352K [0x00000005c3600000, 0x00000005d8a00000, 0x0000000716780000)
  object space 348160K, 0% used [0x00000005c3600000,0x00000005c37520a0,0x00000005d8a00000)
 Metaspace       used 2651K, capacity 4566K, committed 4864K, reserved 1056768K
  class space    used 289K, capacity 390K, committed 512K, reserved 1048576K
}
Event: 48.320 GC heap before
{Heap before GC invocations=169 (full 0):
 PSYoungGen      total 42496K, used 42048K [0x0000000716780000, 0x000000071f880000, 0x00000007c0000000)
  eden space 41984K, 100% used [0x0000000716780000,0x0000000719080000,0x0000000719080000)
  from space 512K, 12% used [0x000000071f800000,0x000000071f810000,0x000000071f880000)
  to   space 512K, 0% used [0x000000071f780000,0x000000071f780000,0x000000071f800000)
 ParOldGen       total 348160K, used 1352K [0x00000005c3600000, 0x00000005d8a00000, 0x0000000716780000)
  object space 348160K, 0% used [0x00000005c3600000,0x00000005c37520a0,0x00000005d8a00000)
 Metaspace       used 2651K, capacity 4566K, committed 4864K, reserved 1056768K
  class space    used 289K, capacity 390K, committed 512K, reserved 1048576K
Event: 48.321 GC heap after
Heap after GC invocations=169 (full 0):
 PSYoungGen      total 42496K, used 32K [0x0000000716780000, 0x000000071f880000, 0x00000007c0000000)
  eden space 41984K, 0% used [0x0000000716780000,0x0000000716780000,0x0000000719080000)
  from space 512K, 6% used [0x000000071f780000,0x000000071f788000,0x000000071f800000)
  to   space 512K, 0% used [0x000000071f800000,0x000000071f800000,0x000000071f880000)
 ParOldGen       total 348160K, used 1352K [0x00000005c3600000, 0x00000005d8a00000, 0x0000000716780000)
  object space 348160K, 0% used [0x00000005c3600000,0x00000005c37520a0,0x00000005d8a00000)
 Metaspace       used 2651K, capacity 4566K, committed 4864K, reserved 1056768K
  class space    used 289K, capacity 390K, committed 512K, reserved 1048576K
}
Event: 48.559 GC heap before
{Heap before GC invocations=170 (full 0):
 PSYoungGen      total 42496K, used 42015K [0x0000000716780000, 0x000000071f880000, 0x00000007c0000000)
  eden space 41984K, 99% used [0x0000000716780000,0x000000071907fff0,0x0000000719080000)
  from space 512K, 6% used [0x000000071f780000,0x000000071f788000,0x000000071f800000)
  to   space 512K, 0% used [0x000000071f800000,0x000000071f800000,0x000000071f880000)
 ParOldGen       total 348160K, used 1352K [0x00000005c3600000, 0x00000005d8a00000, 0x0000000716780000)
  object space 348160K, 0% used [0x00000005c3600000,0x00000005c37520a0,0x00000005d8a00000)
 Metaspace       used 2651K, capacity 4566K, committed 4864K, reserved 1056768K
  class space    used 289K, capacity 390K, committed 512K, reserved 1048576K
Event: 48.559 GC heap after
Heap after GC invocations=170 (full 0):
 PSYoungGen      total 42496K, used 64K [0x0000000716780000, 0x000000071f880000, 0x00000007c0000000)
  eden space 41984K, 0% used [0x0000000716780000,0x0000000716780000,0x0000000719080000)
  from space 512K, 12% used [0x000000071f800000,0x000000071f810000,0x000000071f880000)
  to   space 512K, 0% used [0x000000071f780000,0x000000071f780000,0x000000071f800000)
 ParOldGen       total 348160K, used 1360K [0x00000005c3600000, 0x00000005d8a00000, 0x0000000716780000)
  object space 348160K, 0% used [0x00000005c3600000,0x00000005c37540a0,0x00000005d8a00000)
 Metaspace       used 2651K, capacity 4566K, committed 4864K, reserved 1056768K
  class space    used 289K, capacity 390K, committed 512K, reserved 1048576K
}

Deoptimization events (10 events):
Event: 0.083 Thread 0x000000000341e800 Uncommon trap: reason=unstable_if action=reinterpret pc=0x00000000036530c8 method=Board.playMoveGetNewBoard(BBB)LBoard; @ 67
Event: 0.127 Thread 0x000000000341e800 Uncommon trap: reason=unstable_if action=reinterpret pc=0x00000000036606f8 method=Board.utilityCornerCloseness(B)I @ 387
Event: 0.130 Thread 0x000000000341e800 Uncommon trap: reason=unstable_if action=reinterpret pc=0x000000000365a09c method=Board.utilityCornerEvaluation(B)I @ 328
Event: 0.161 Thread 0x000000000341e800 Uncommon trap: reason=unstable_if action=reinterpret pc=0x000000000365cf74 method=Board.utilityCornerEvaluation(B)I @ 76
Event: 0.161 Thread 0x000000000341e800 Uncommon trap: reason=unstable_if action=reinterpret pc=0x0000000003661d58 method=Board.utilityCornerCloseness(B)I @ 373
Event: 0.582 Thread 0x000000000341e800 Uncommon trap: reason=unstable_if action=reinterpret pc=0x000000000369c1ac method=MM2.playMoveGetNewBoard([[BBBB)LBoard; @ 87
Event: 0.880 Thread 0x000000000341e800 Uncommon trap: reason=unstable_if action=reinterpret pc=0x00000000036beb80 method=Board.openCloseEvaluation(B)I @ 1159
Event: 0.882 Thread 0x000000000341e800 Uncommon trap: reason=unstable_if action=reinterpret pc=0x00000000036ad7ec method=Board.openCloseEvaluation(B)I @ 1159
Event: 1.737 Thread 0x000000000341e800 Uncommon trap: reason=unstable_if action=reinterpret pc=0x0000000003670f94 method=Board.utilityCornerEvaluation(B)I @ 55
Event: 5.076 Thread 0x000000000341e800 Uncommon trap: reason=unstable_if action=reinterpret pc=0x0000000003668cbc method=MM.miniMax(LBoard;BIIBZ)I @ 59

Classes redefined (0 events):
No events

Internal exceptions (2 events):
Event: 0.020 Thread 0x000000000341e800 Exception <a 'java/lang/NoSuchMethodError': Method sun.misc.Unsafe.defineClass(Ljava/lang/String;[BII)Ljava/lang/Class; name or signature does not match> (0x0000000716787cb0) thrown at [C:\re\workspace\8-2-build-windows-amd64-cygwin\jdk8u202\12323\hotspot
Event: 0.020 Thread 0x000000000341e800 Exception <a 'java/lang/NoSuchMethodError': Method sun.misc.Unsafe.prefetchRead(Ljava/lang/Object;J)V name or signature does not match> (0x0000000716787f98) thrown at [C:\re\workspace\8-2-build-windows-amd64-cygwin\jdk8u202\12323\hotspot\src\share\vm\prim

Events (10 events):
Event: 47.625 Executing VM operation: ParallelGCFailedAllocation
Event: 47.626 Executing VM operation: ParallelGCFailedAllocation done
Event: 47.858 Executing VM operation: ParallelGCFailedAllocation
Event: 47.859 Executing VM operation: ParallelGCFailedAllocation done
Event: 48.089 Executing VM operation: ParallelGCFailedAllocation
Event: 48.090 Executing VM operation: ParallelGCFailedAllocation done
Event: 48.320 Executing VM operation: ParallelGCFailedAllocation
Event: 48.321 Executing VM operation: ParallelGCFailedAllocation done
Event: 48.559 Executing VM operation: ParallelGCFailedAllocation
Event: 48.559 Executing VM operation: ParallelGCFailedAllocation done


Dynamic libraries:
0x00007ff6234b0000 - 0x00007ff6234e7000 	C:\Program Files (x86)\Common Files\Oracle\Java\javapath\java.exe
0x00007fffb1370000 - 0x00007fffb1587000 	C:\WINDOWS\SYSTEM32\ntdll.dll
0x00007fffaf960000 - 0x00007fffafa24000 	C:\WINDOWS\System32\KERNEL32.DLL
0x00007fffaea00000 - 0x00007fffaeda6000 	C:\WINDOWS\System32\KERNELBASE.dll
0x00007fffb05d0000 - 0x00007fffb0683000 	C:\WINDOWS\System32\ADVAPI32.dll
0x00007fffb1160000 - 0x00007fffb1207000 	C:\WINDOWS\System32\msvcrt.dll
0x00007fffb0510000 - 0x00007fffb05b8000 	C:\WINDOWS\System32\sechost.dll
0x00007fffae720000 - 0x00007fffae748000 	C:\WINDOWS\System32\bcrypt.dll
0x00007fffb1210000 - 0x00007fffb1327000 	C:\WINDOWS\System32\RPCRT4.dll
0x00007fffb02f0000 - 0x00007fffb049e000 	C:\WINDOWS\System32\USER32.dll
0x00007fffae930000 - 0x00007fffae956000 	C:\WINDOWS\System32\win32u.dll
0x00007fffb0730000 - 0x00007fffb0759000 	C:\WINDOWS\System32\GDI32.dll
0x00007fffae810000 - 0x00007fffae928000 	C:\WINDOWS\System32\gdi32full.dll
0x00007fffae960000 - 0x00007fffae9fa000 	C:\WINDOWS\System32\msvcp_win.dll
0x00007fffaedb0000 - 0x00007fffaeec1000 	C:\WINDOWS\System32\ucrtbase.dll
0x00007fffad900000 - 0x00007fffadb93000 	C:\WINDOWS\WinSxS\amd64_microsoft.windows.common-controls_6595b64144ccf1df_6.0.22621.2506_none_270c5ae97388e100\COMCTL32.dll
0x00007fffb06f0000 - 0x00007fffb0721000 	C:\WINDOWS\System32\IMM32.DLL
0x00000000694a0000 - 0x0000000069572000 	C:\Program Files\Java\jre1.8.0_202\bin\msvcr100.dll
0x0000000068bf0000 - 0x0000000069495000 	C:\Program Files\Java\jre1.8.0_202\bin\server\jvm.dll
0x00007fffaf6c0000 - 0x00007fffaf6c8000 	C:\WINDOWS\System32\PSAPI.DLL
0x00007fff9e960000 - 0x00007fff9e994000 	C:\WINDOWS\SYSTEM32\WINMM.dll
0x00007fff8c6e0000 - 0x00007fff8c6e9000 	C:\WINDOWS\SYSTEM32\WSOCK32.dll
0x00007fffa2bd0000 - 0x00007fffa2bda000 	C:\WINDOWS\SYSTEM32\VERSION.dll
0x00007fffaf8e0000 - 0x00007fffaf951000 	C:\WINDOWS\System32\WS2_32.dll
0x00007fffa5f40000 - 0x00007fffa5f4f000 	C:\Program Files\Java\jre1.8.0_202\bin\verify.dll
0x00007fff77dc0000 - 0x00007fff77de9000 	C:\Program Files\Java\jre1.8.0_202\bin\java.dll
0x00007fff957b0000 - 0x00007fff957c6000 	C:\Program Files\Java\jre1.8.0_202\bin\zip.dll
0x00007fffb0900000 - 0x00007fffb115b000 	C:\WINDOWS\System32\SHELL32.dll
0x00007fffabbe0000 - 0x00007fffac4d6000 	C:\WINDOWS\SYSTEM32\windows.storage.dll
0x00007fffaf140000 - 0x00007fffaf4c9000 	C:\WINDOWS\System32\combase.dll
0x00007fffabaa0000 - 0x00007fffabbde000 	C:\WINDOWS\SYSTEM32\wintypes.dll
0x00007fffaf5c0000 - 0x00007fffaf6b3000 	C:\WINDOWS\System32\SHCORE.dll
0x00007fffaf7d0000 - 0x00007fffaf82e000 	C:\WINDOWS\System32\shlwapi.dll
0x00007fffae5e0000 - 0x00007fffae606000 	C:\WINDOWS\SYSTEM32\profapi.dll

VM Arguments:
java_command: refree
java_class_path (initial): .
Launcher Type: SUN_STANDARD

Environment Variables:
PATH=C:\Program Files\NVIDIA GPU Computing Toolkit\CUDA\v12.3\bin;C:\Program Files\NVIDIA GPU Computing Toolkit\CUDA\v12.3\libnvvp;C:\Program Files (x86)\Common Files\Oracle\Java\javapath;C:\Windows\system32;C:\Windows;C:\Windows\System32\Wbem;C:\Windows\System32\WindowsPowerShell\v1.0\;C:\Windows\System32\OpenSSH\;C:\Program Files (x86)\NVIDIA Corporation\PhysX\Common;C:\WINDOWS\system32;C:\WINDOWS;C:\WINDOWS\System32\Wbem;C:\WINDOWS\System32\WindowsPowerShell\v1.0\;C:\WINDOWS\System32\OpenSSH\;C:\Program Files\Go\bin;C:\Program Files\Docker\Docker\resources\bin;C:\ProgramData\DockerDesktop\version-bin;C:\Program Files\Git\cmd;C:\Program Files\dotnet\;C:\Android;C:\Program Files\NVIDIA Corporation\NVIDIA NvDLISR;C:\WINDOWS\system32;C:\WINDOWS;C:\WINDOWS\System32\Wbem;C:\WINDOWS\System32\WindowsPowerShell\v1.0\;C:\WINDOWS\System32\OpenSSH\;C:\Program Files\Java\jdk1.8.0_202\bin;C:\Program Files\NVIDIA Corporation\Nsight Compute 2023.3.1\;C:\Users\adish\AppData\Local\Programs\Python\Python39\Scripts\;C:\Users\adish\AppData\Local\Programs\Python\Python39\;C:\Users\adish\AppData\Local\Programs\Python\Python311\Scripts\;C:\Users\adish\AppData\Local\Programs\Python\Python311\;C:\Users\adish\AppData\Local\Microsoft\WindowsApps;C:\Users\adish\go\bin;C:\Users\adish\AppData\Local\Programs\Microsoft VS Code\bin;C:\Users\adish\AppData\Local\Programs\mongosh\;C:\Program Files\Java\jdk1.8.0_202\bin;C:\Program Files\JetBrains\PyCharm 2023.3.3\bin;;C:\Users\adish\AppData\Local\Google\Cloud SDK\google-cloud-sdk\bin;C:\w64devkit\bin;C:\Program Files\NVIDIA GPU Computing Toolkit\CUDA\v12.3\bin;C:\Program Files\Microsoft Visual Studio\2022\Community\VC\Tools\MSVC\14.16.27023\bin\Hostx64\x64;
USERNAME=adish
OS=Windows_NT
PROCESSOR_IDENTIFIER=Intel64 Family 6 Model 165 Stepping 2, GenuineIntel



---------------  S Y S T E M  ---------------

OS: Windows 10.0 , 64 bit Build 22621 (10.0.22621.3085)

CPU:total 8 (initial active 8) (8 cores per cpu, 2 threads per core) family 6 model 165 stepping 2, cmov, cx8, fxsr, mmx, sse, sse2, sse3, ssse3, sse4.1, sse4.2, popcnt, avx, avx2, aes, clmul, erms, 3dnowpref, lzcnt, ht, tsc, tscinvbit, bmi1, bmi2, adx

Memory: 4k page, physical 33330508k(21414568k free), swap 57447756k(13933276k free)

vm_info: Java HotSpot(TM) 64-Bit Server VM (25.202-b08) for windows-amd64 JRE (1.8.0_202-b08), built on Dec 15 2018 19:54:30 by "java_re" with MS VC++ 10.0 (VS2010)

time: Mon Mar 04 23:01:50 2024
timezone: Pacific Standard Time
elapsed time: 48 seconds (0d 0h 0m 48s)

